<?xml version="1.0" encoding="UTF-8"?>
<!-- Generated by org.testng.reporters.JUnitReportReporter -->
<testsuite hostname="WINDELL-8OBPOFL" failures="0" tests="1" name="amazon.web.automation.testcases.TC_CAF_001_CreateAccountProvideInvalidEmail" time="9.671" errors="0" timestamp="2021-07-23T04:27:43 EDT" skipped="0">
  <testcase classname="amazon.web.automation.testcases.TC_CAF_001_CreateAccountProvideInvalidEmail" name="startBrowser" time="9.671"/>
  <system-out/>
</testsuite> <!-- amazon.web.automation.testcases.TC_CAF_001_CreateAccountProvideInvalidEmail -->
