<?xml version="1.0" encoding="UTF-8"?>
<!-- Generated by org.testng.reporters.JUnitReportReporter -->
<testsuite hostname="WINDELL-8OBPOFL" failures="0" tests="1" name="amazon.web.automation.testcases.TC_CAF_001_CreateAccountProvideAllFields" time="3.196" errors="0" timestamp="2021-07-23T04:07:06 EDT" skipped="0">
  <testcase classname="amazon.web.automation.testcases.TC_CAF_001_CreateAccountProvideAllFields" name="startBrowser" time="3.196"/>
  <system-out/>
</testsuite> <!-- amazon.web.automation.testcases.TC_CAF_001_CreateAccountProvideAllFields -->
