<?xml version="1.0" encoding="UTF-8"?>
<!-- Generated by org.testng.reporters.JUnitReportReporter -->
<testsuite hostname="WINDELL-8OBPOFL" failures="0" tests="2" name="amazon.web.automation.testcases.TC_001_CreateAccountFunctionality" time="6.125" errors="0" timestamp="2021-07-27T17:33:50 EDT" skipped="0">
  <testcase classname="amazon.web.automation.testcases.TC_001_CreateAccountFunctionality" name="tc_CAF_002_Provide_No_Fields" time="3.100"/>
  <system-out/>
  <testcase classname="amazon.web.automation.testcases.TC_001_CreateAccountFunctionality" name="tc_CAF_003_Provide_No_Name" time="3.025"/>
  <system-out/>
</testsuite> <!-- amazon.web.automation.testcases.TC_001_CreateAccountFunctionality -->
