<?xml version="1.0" encoding="UTF-8"?>
<!-- Generated by org.testng.reporters.JUnitReportReporter -->
<testsuite hostname="WINDELL-8OBPOFL" failures="0" tests="2" name="amazon.web.automation.testcases.TC_002_CreateAccountFunctionality2" time="6.076" errors="0" timestamp="2021-07-27T17:33:50 EDT" skipped="0">
  <testcase classname="amazon.web.automation.testcases.TC_002_CreateAccountFunctionality2" name="tc_CAF_004_Provide_No_Email" time="2.917"/>
  <system-out/>
  <testcase classname="amazon.web.automation.testcases.TC_002_CreateAccountFunctionality2" name="tc_CAF_004_Provide_No_Email" time="3.159"/>
  <system-out/>
</testsuite> <!-- amazon.web.automation.testcases.TC_002_CreateAccountFunctionality2 -->
